<?xml version="1.0" encoding="UTF-8"?>
<testng-results skipped="0" failed="0" total="1" passed="1">
  <reporter-output>
  </reporter-output>
  <suite name="Default suite" duration-ms="31257987" started-at="2016-05-12T05:37:40Z" finished-at="2016-05-12T14:18:38Z">
    <groups>
    </groups>
    <test name="Default test" duration-ms="31257987" started-at="2016-05-12T05:37:40Z" finished-at="2016-05-12T14:18:38Z">
      <class name="com.org.Slp_Project.SLP2016_DriverTest">
        <test-method status="PASS" signature="driverTest()[pri:0, instance:com.org.Slp_Project.SLP2016_DriverTest@11fc564b]" name="driverTest" duration-ms="31257930" started-at="2016-05-12T01:37:40Z" finished-at="2016-05-12T10:18:38Z">
          <reporter-output>
          </reporter-output>
        </test-method> <!-- driverTest -->
      </class> <!-- com.org.Slp_Project.SLP2016_DriverTest -->
    </test> <!-- Default test -->
  </suite> <!-- Default suite -->
</testng-results>
